#
# There is insufficient memory for the Java Runtime Environment to continue.
# Native memory allocation (malloc) failed to allocate 32744 bytes for ChunkPool::allocate
# Possible reasons:
#   The system is out of physical RAM or swap space
#   In 32 bit mode, the process size limit was hit
# Possible solutions:
#   Reduce memory load on the system
#   Increase physical memory or swap space
#   Check if swap backing store is full
#   Use 64 bit Java on a 64 bit OS
#   Decrease Java heap size (-Xmx/-Xms)
#   Decrease number of Java threads
#   Decrease Java thread stack sizes (-Xss)
#   Set larger code cache with -XX:ReservedCodeCacheSize=
# This output file may be truncated or incomplete.
#
#  Out of Memory Error (allocation.cpp:273), pid=6848, tid=0x0000000000001b10
#
# JRE version: OpenJDK Runtime Environment (8.0_112-b06) (build 1.8.0_112-release-b06)
# Java VM: OpenJDK 64-Bit Server VM (25.112-b06 mixed mode windows-amd64 compressed oops)
# Failed to write core dump. Minidumps are not enabled by default on client versions of Windows
#

---------------  T H R E A D  ---------------

Current thread (0x0000000006978800):  JavaThread "C2 CompilerThread1" daemon [_thread_in_native, id=6928, stack(0x00000000082a0000,0x00000000083a0000)]

Stack: [0x00000000082a0000,0x00000000083a0000]
[error occurred during error reporting (printing stack bounds), id 0xc0000005]

Native frames: (J=compiled Java code, j=interpreted, Vv=VM code, C=native code)


Current CompileTask:
C2:   1783 1582       4       com.android.dx.ssa.SCCP::simulateBranch (666 bytes)


---------------  P R O C E S S  ---------------

Java Threads: ( => current thread )
  0x0000000008737800 JavaThread "pool-2-thread-4" [_thread_blocked, id=6736, stack(0x0000000008ea0000,0x0000000008fa0000)]
  0x0000000008736800 JavaThread "pool-2-thread-3" [_thread_blocked, id=7416, stack(0x0000000008da0000,0x0000000008ea0000)]
  0x0000000008782000 JavaThread "pool-2-thread-2" [_thread_in_Java, id=6360, stack(0x0000000008ca0000,0x0000000008da0000)]
  0x000000000875d800 JavaThread "pool-3-thread-1" [_thread_blocked, id=8136, stack(0x0000000008ba0000,0x0000000008ca0000)]
  0x000000000875d000 JavaThread "pool-2-thread-1" [_thread_blocked, id=7360, stack(0x0000000008aa0000,0x0000000008ba0000)]
  0x00000000084bb000 JavaThread "Service Thread" daemon [_thread_blocked, id=5328, stack(0x00000000088a0000,0x00000000089a0000)]
  0x0000000006977000 JavaThread "C1 CompilerThread2" daemon [_thread_in_vm, id=9172, stack(0x00000000083a0000,0x00000000084a0000)]
=>0x0000000006978800 JavaThread "C2 CompilerThread1" daemon [_thread_in_native, id=6928, stack(0x00000000082a0000,0x00000000083a0000)]
  0x000000000696c000 JavaThread "C2 CompilerThread0" daemon [_thread_in_native, id=4920, stack(0x00000000081a0000,0x00000000082a0000)]
  0x000000000696a800 JavaThread "Attach Listener" daemon [_thread_blocked, id=2652, stack(0x00000000080a0000,0x00000000081a0000)]
  0x0000000006967000 JavaThread "Signal Dispatcher" daemon [_thread_blocked, id=7912, stack(0x0000000007fa0000,0x00000000080a0000)]
  0x00000000019eb800 JavaThread "Finalizer" daemon [_thread_blocked, id=5676, stack(0x0000000007bd0000,0x0000000007cd0000)]
  0x00000000019e0000 JavaThread "Reference Handler" daemon [_thread_blocked, id=3312, stack(0x0000000007ad0000,0x0000000007bd0000)]
  0x00000000018f0800 JavaThread "main" [_thread_in_vm, id=3652, stack(0x00000000017b0000,0x00000000018b0000)]

Other Threads:
  0x0000000006936000 VMThread [stack: 0x00000000079d0000,0x0000000007ad0000] [id=5400]
  0x00000000069ce000 WatcherThread [stack: 0x00000000089a0000,0x0000000008aa0000] [id=4584]

VM state:not at safepoint (normal execution)

VM Mutex/Monitor currently owned by a thread: None

Heap:
 PSYoungGen      total 71680K, used 22052K [0x00000000eab00000, 0x00000000f3700000, 0x0000000100000000)
  eden space 66560K, 25% used [0x00000000eab00000,0x00000000ebb8d038,0x00000000eec00000)
  from space 5120K, 99% used [0x00000000eec00000,0x00000000ef0fc058,0x00000000ef100000)
  to   space 5120K, 0% used [0x00000000f3200000,0x00000000f3200000,0x00000000f3700000)
 ParOldGen       total 87552K, used 13714K [0x00000000c0000000, 0x00000000c5580000, 0x00000000eab00000)
  object space 87552K, 15% used [0x00000000c0000000,0x00000000c0d648a0,0x00000000c5580000)
 Metaspace       used 6386K, capacity 7154K, committed 7296K, reserved 1056768K
  class space    used 597K, capacity 618K, committed 640K, reserved 1048576K

Card table byte_map: [0x00000000037c0000,0x00000000039d0000] byte_map_base: 0x00000000031c0000

Marking Bits: (ParMarkBitMap*) 0x000000006d5618f0
 Begin Bits: [0x0000000003dd0000, 0x0000000004dd0000)
 End Bits:   [0x0000000004dd0000, 0x0000000005dd0000)

Polling page: 0x00000000010a0000

CodeCache: size=245760Kb used=6522Kb max_used=6522Kb free=239237Kb
 bounds [0x000000000f010000, 0x000000000f680000, 0x000000001e010000]
 total_blobs=1965 nmethods=1696 adapters=182
 compilation: enabled

Compilation events (10 events):
Event: 1.756 Thread 0x0000000006977000 nmethod 1723 0x000000000f670ed0 code [0x000000000f671140, 0x000000000f671c88]
Event: 1.767 Thread 0x0000000006977000 1725       2       com.android.dx.dex.file.ClassDefItem::addInstanceField (9 bytes)
Event: 1.768 Thread 0x0000000006977000 nmethod 1725 0x000000000f6725d0 code [0x000000000f672760, 0x000000000f672a98]
Event: 1.768 Thread 0x0000000006977000 1726       2       com.android.dx.dex.file.ClassDataItem::addInstanceField (24 bytes)
Event: 1.768 Thread 0x0000000006977000 nmethod 1726 0x000000000f672d50 code [0x000000000f672ee0, 0x000000000f673238]
Event: 1.780 Thread 0x0000000006977000 1727       2       java.util.concurrent.locks.ReentrantLock$NonfairSync::lock (25 bytes)
Event: 1.781 Thread 0x0000000006977000 nmethod 1727 0x000000000f673850 code [0x000000000f6739e0, 0x000000000f673c58]
Event: 1.781 Thread 0x0000000006977000 1728       2       java.util.concurrent.locks.LockSupport::park (23 bytes)
Event: 1.781 Thread 0x0000000006977000 nmethod 1728 0x000000000f673dd0 code [0x000000000f673f40, 0x000000000f674128]
Event: 1.782 Thread 0x0000000006977000 1730       2       com.android.dx.rop.type.StdTypeList::withAddedType (55 bytes)

GC Heap History (6 events):
Event: 0.793 GC heap before
{Heap before GC invocations=1 (full 0):
 PSYoungGen      total 38400K, used 33280K [0x00000000eab00000, 0x00000000ed580000, 0x0000000100000000)
  eden space 33280K, 100% used [0x00000000eab00000,0x00000000ecb80000,0x00000000ecb80000)
  from space 5120K, 0% used [0x00000000ed080000,0x00000000ed080000,0x00000000ed580000)
  to   space 5120K, 0% used [0x00000000ecb80000,0x00000000ecb80000,0x00000000ed080000)
 ParOldGen       total 87552K, used 0K [0x00000000c0000000, 0x00000000c5580000, 0x00000000eab00000)
  object space 87552K, 0% used [0x00000000c0000000,0x00000000c0000000,0x00000000c5580000)
 Metaspace       used 5954K, capacity 6896K, committed 7040K, reserved 1056768K
  class space    used 577K, capacity 616K, committed 640K, reserved 1048576K
Event: 0.805 GC heap after
Heap after GC invocations=1 (full 0):
 PSYoungGen      total 38400K, used 5112K [0x00000000eab00000, 0x00000000ef600000, 0x0000000100000000)
  eden space 33280K, 0% used [0x00000000eab00000,0x00000000eab00000,0x00000000ecb80000)
  from space 5120K, 99% used [0x00000000ecb80000,0x00000000ed07e248,0x00000000ed080000)
  to   space 5120K, 0% used [0x00000000ef100000,0x00000000ef100000,0x00000000ef600000)
 ParOldGen       total 87552K, used 1084K [0x00000000c0000000, 0x00000000c5580000, 0x00000000eab00000)
  object space 87552K, 1% used [0x00000000c0000000,0x00000000c010f1e0,0x00000000c5580000)
 Metaspace       used 5954K, capacity 6896K, committed 7040K, reserved 1056768K
  class space    used 577K, capacity 616K, committed 640K, reserved 1048576K
}
Event: 1.155 GC heap before
{Heap before GC invocations=2 (full 0):
 PSYoungGen      total 38400K, used 38392K [0x00000000eab00000, 0x00000000ef600000, 0x0000000100000000)
  eden space 33280K, 100% used [0x00000000eab00000,0x00000000ecb80000,0x00000000ecb80000)
  from space 5120K, 99% used [0x00000000ecb80000,0x00000000ed07e248,0x00000000ed080000)
  to   space 5120K, 0% used [0x00000000ef100000,0x00000000ef100000,0x00000000ef600000)
 ParOldGen       total 87552K, used 1084K [0x00000000c0000000, 0x00000000c5580000, 0x00000000eab00000)
  object space 87552K, 1% used [0x00000000c0000000,0x00000000c010f1e0,0x00000000c5580000)
 Metaspace       used 6167K, capacity 7088K, committed 7296K, reserved 1056768K
  class space    used 578K, capacity 616K, committed 640K, reserved 1048576K
Event: 1.170 GC heap after
Heap after GC invocations=2 (full 0):
 PSYoungGen      total 71680K, used 5111K [0x00000000eab00000, 0x00000000ef600000, 0x0000000100000000)
  eden space 66560K, 0% used [0x00000000eab00000,0x00000000eab00000,0x00000000eec00000)
  from space 5120K, 99% used [0x00000000ef100000,0x00000000ef5fdca8,0x00000000ef600000)
  to   space 5120K, 0% used [0x00000000eec00000,0x00000000eec00000,0x00000000ef100000)
 ParOldGen       total 87552K, used 4888K [0x00000000c0000000, 0x00000000c5580000, 0x00000000eab00000)
  object space 87552K, 5% used [0x00000000c0000000,0x00000000c04c60d0,0x00000000c5580000)
 Metaspace       used 6167K, capacity 7088K, committed 7296K, reserved 1056768K
  class space    used 578K, capacity 616K, committed 640K, reserved 1048576K
}
Event: 1.646 GC heap before
{Heap before GC invocations=3 (full 0):
 PSYoungGen      total 71680K, used 71671K [0x00000000eab00000, 0x00000000ef600000, 0x0000000100000000)
  eden space 66560K, 100% used [0x00000000eab00000,0x00000000eec00000,0x00000000eec00000)
  from space 5120K, 99% used [0x00000000ef100000,0x00000000ef5fdca8,0x00000000ef600000)
  to   space 5120K, 0% used [0x00000000eec00000,0x00000000eec00000,0x00000000ef100000)
 ParOldGen       total 87552K, used 4888K [0x00000000c0000000, 0x00000000c5580000, 0x00000000eab00000)
  object space 87552K, 5% used [0x00000000c0000000,0x00000000c04c60d0,0x00000000c5580000)
 Metaspace       used 6280K, capacity 7152K, committed 7296K, reserved 1056768K
  class space    used 578K, capacity 616K, committed 640K, reserved 1048576K
Event: 1.691 GC heap after
Heap after GC invocations=3 (full 0):
 PSYoungGen      total 71680K, used 5104K [0x00000000eab00000, 0x00000000f3700000, 0x0000000100000000)
  eden space 66560K, 0% used [0x00000000eab00000,0x00000000eab00000,0x00000000eec00000)
  from space 5120K, 99% used [0x00000000eec00000,0x00000000ef0fc058,0x00000000ef100000)
  to   space 5120K, 0% used [0x00000000f3200000,0x00000000f3200000,0x00000000f3700000)
 ParOldGen       total 87552K, used 13714K [0x00000000c0000000, 0x00000000c5580000, 0x00000000eab00000)
  object space 87552K, 15% used [0x00000000c0000000,0x00000000c0d648a0,0x00000000c5580000)
 Metaspace       used 6280K, capacity 7152K, committed 7296K, reserved 1056768K
  class space    used 578K, capacity 616K, committed 640K, reserved 1048576K
}

Deoptimization events (10 events):
Event: 1.090 Thread 0x0000000008736800 Uncommon trap: reason=bimorphic action=maybe_recompile pc=0x000000000f22323c method=java.util.HashMap.getNode(ILjava/lang/Object;)Ljava/util/HashMap$Node; @ 126
Event: 1.118 Thread 0x0000000008737800 Uncommon trap: reason=bimorphic action=maybe_recompile pc=0x000000000f57a06c method=com.android.dx.cf.code.BytecodeArray.parseInstruction(ILcom/android/dx/cf/code/BytecodeArray$Visitor;)I @ 907
Event: 1.118 Thread 0x0000000008737800 Uncommon trap: reason=bimorphic action=maybe_recompile pc=0x000000000f57a06c method=com.android.dx.cf.code.BytecodeArray.parseInstruction(ILcom/android/dx/cf/code/BytecodeArray$Visitor;)I @ 907
Event: 1.143 Thread 0x0000000008737800 Uncommon trap: reason=bimorphic action=maybe_recompile pc=0x000000000f57a504 method=com.android.dx.cf.code.BytecodeArray.parseInstruction(ILcom/android/dx/cf/code/BytecodeArray$Visitor;)I @ 1130
Event: 1.143 Thread 0x0000000008737800 Uncommon trap: reason=bimorphic action=maybe_recompile pc=0x000000000f57a06c method=com.android.dx.cf.code.BytecodeArray.parseInstruction(ILcom/android/dx/cf/code/BytecodeArray$Visitor;)I @ 907
Event: 1.148 Thread 0x0000000008782000 Uncommon trap: reason=unstable_if action=reinterpret pc=0x000000000f543014 method=com.android.dx.ssa.SCCP.simulateStmt(Lcom/android/dx/ssa/SsaInsn;)V @ 53
Event: 1.705 Thread 0x0000000008782000 Uncommon trap: reason=unstable_if action=reinterpret pc=0x000000000f2fbb98 method=java.util.HashMap.putVal(ILjava/lang/Object;Ljava/lang/Object;ZZ)Ljava/lang/Object; @ 162
Event: 1.711 Thread 0x0000000008782000 Uncommon trap: reason=unstable_if action=reinterpret pc=0x000000000f5c7940 method=java.util.HashMap.getNode(ILjava/lang/Object;)Ljava/util/HashMap$Node; @ 84
Event: 1.716 Thread 0x0000000008782000 Uncommon trap: reason=unstable_if action=reinterpret pc=0x000000000f447594 method=java.util.HashMap.putVal(ILjava/lang/Object;Ljava/lang/Object;ZZ)Ljava/lang/Object; @ 94
Event: 1.717 Thread 0x0000000008782000 Uncommon trap: reason=unstable_if action=reinterpret pc=0x000000000f5c6814 method=java.util.HashMap.getNode(ILjava/lang/Object;)Ljava/util/HashMap$Node; @ 84

Internal exceptions (5 events):
Event: 0.030 Thread 0x00000000018f0800 Exception <a 'java/lang/NoSuchMethodError': Method sun.misc.Unsafe.defineClass(Ljava/lang/String;[BII)Ljava/lang/Class; name or signature does not match> (0x00000000eab07c78) thrown at [C:\src\android\AOSP-openjdk\external\jetbrains\jdk\hotspot\src\share\v¾÷Û©Ù«ž?
Event: 0.030 Thread 0x00000000018f0800 Exception <a 'java/lang/NoSuchMethodError': Method sun.misc.Unsafe.prefetchRead(Ljava/lang/Object;J)V name or signature does not match> (0x00000000eab07f60) thrown at [C:\src\android\AOSP-openjdk\external\jetbrains\jdk\hotspot\src\share\vm\prims\jni.cpp, lÁï6|)Oû?
Event: 1.707 Thread 0x0000000008782000 Exception <a 'java/lang/ArrayIndexOutOfBoundsException': 18> (0x00000000eae75940) thrown at [C:\src\android\AOSP-openjdk\external\jetbrains\jdk\hotspot\src\share\vm\interpreter\interpreterRuntime.cpp, line 366]
Event: 1.710 Thread 0x0000000008782000 Exception <a 'java/lang/ArrayIndexOutOfBoundsException'> (0x00000000eae774c0) thrown at [C:\src\android\AOSP-openjdk\external\jetbrains\jdk\hotspot\src\share\vm\runtime\sharedRuntime.cpp, line 605]
Event: 1.710 Thread 0x0000000008782000 Exception <a 'java/lang/ArrayIndexOutOfBoundsException'> (0x00000000eae787a8) thrown at [C:\src\android\AOSP-openjdk\external\jetbrains\jdk\hotspot\src\share\vm\runtime\sharedRuntime.cpp, line 605]

Events (10 events):
Event: 1.711 loading class sun/reflect/generics/reflectiveObjects/TypeVariableImpl done
Event: 1.711 Thread 0x0000000008782000 Uncommon trap: trap_request=0xffffff65 fr.pc=0x000000000f5c7940
Event: 1.711 Thread 0x0000000008782000 DEOPT PACKING pc=0x000000000f5c7940 sp=0x0000000008d9ec60
Event: 1.711 Thread 0x0000000008782000 DEOPT UNPACKING pc=0x000000000f05556a sp=0x0000000008d9eb80 mode 2
Event: 1.716 Thread 0x0000000008782000 Uncommon trap: trap_request=0xffffff65 fr.pc=0x000000000f447594
Event: 1.716 Thread 0x0000000008782000 DEOPT PACKING pc=0x000000000f447594 sp=0x0000000008d9ebb0
Event: 1.716 Thread 0x0000000008782000 DEOPT UNPACKING pc=0x000000000f05556a sp=0x0000000008d9eb40 mode 2
Event: 1.717 Thread 0x0000000008782000 Uncommon trap: trap_request=0xffffff65 fr.pc=0x000000000f5c6814
Event: 1.717 Thread 0x0000000008782000 DEOPT PACKING pc=0x000000000f5c6814 sp=0x0000000008d9ec90
Event: 1.717 Thread 0x0000000008782000 DEOPT UNPACKING pc=0x000000000f05556a sp=0x0000000008d9ec08 mode 2


Dynamic libraries:
0x000007f7a2750000 - 0x000007f7a2781000 	C:\Program Files\Android\Android Studio\jre\bin\java.exe
0x000007fac78d0000 - 0x000007fac7a8e000 	C:\Windows\SYSTEM32\ntdll.dll
0x000007fac5e50000 - 0x000007fac5f86000 	C:\Windows\system32\KERNEL32.DLL
0x000007fac4c40000 - 0x000007fac4d33000 	C:\Windows\system32\KERNELBASE.dll
0x000007fabde10000 - 0x000007fabdeaf000 	C:\Windows\system32\apphelp.dll
0x000007fac54f0000 - 0x000007fac55ce000 	C:\Windows\system32\ADVAPI32.dll
0x000007fac4dc0000 - 0x000007fac4f0c000 	C:\Windows\system32\USER32.dll
0x000007fac2770000 - 0x000007fac29d9000 	C:\Windows\WinSxS\amd64_microsoft.windows.common-controls_6595b64144ccf1df_6.0.9200.16384_none_418c2a697189c07f\COMCTL32.dll
0x000007fac72a0000 - 0x000007fac7345000 	C:\Windows\system32\msvcrt.dll
0x000007fac5a20000 - 0x000007fac5a68000 	C:\Windows\SYSTEM32\sechost.dll
0x000007fac4f10000 - 0x000007fac5050000 	C:\Windows\system32\RPCRT4.dll
0x000007fac74f0000 - 0x000007fac7630000 	C:\Windows\system32\GDI32.dll
0x000007fac59e0000 - 0x000007fac5a19000 	C:\Windows\system32\IMM32.DLL
0x000007fac7630000 - 0x000007fac7744000 	C:\Windows\system32\MSCTF.dll
0x000007fac47b0000 - 0x000007fac47e1000 	C:\Windows\system32\nvinitx.dll
0x000007fac47a0000 - 0x000007fac47a9000 	C:\Windows\SYSTEM32\VERSION.dll
0x000000000f000000 - 0x000000000f006000 	C:\Program Files\NVIDIA Corporation\CoProcManager\_etoured.dll
0x000007fac17a0000 - 0x000007fac17d2000 	C:\Program Files\NVIDIA Corporation\CoProcManager\nvd3d9wrapx.dll
0x000007fac5670000 - 0x000007fac5840000 	C:\Windows\system32\SETUPAPI.dll
0x000007fac48d0000 - 0x000007fac491f000 	C:\Windows\system32\CFGMGR32.dll
0x000007fac4920000 - 0x000007fac4942000 	C:\Windows\system32\DEVOBJ.dll
0x000007fac1770000 - 0x000007fac1792000 	C:\Program Files\NVIDIA Corporation\CoProcManager\nvdxgiwrapx.dll
0x000000006ccc0000 - 0x000000006cd92000 	C:\Program Files\Android\Android Studio\jre\jre\bin\msvcr100.dll
0x000000006cda0000 - 0x000000006d5dc000 	C:\Program Files\Android\Android Studio\jre\jre\bin\server\jvm.dll
0x000007fab2250000 - 0x000007fab2259000 	C:\Windows\SYSTEM32\WSOCK32.dll
0x000007fac0ff0000 - 0x000007fac1010000 	C:\Windows\SYSTEM32\WINMM.dll
0x000007fac54e0000 - 0x000007fac54e7000 	C:\Windows\system32\PSAPI.DLL
0x000007fac5480000 - 0x000007fac54d8000 	C:\Windows\system32\WS2_32.dll
0x000007fac0bc0000 - 0x000007fac0bf2000 	C:\Windows\SYSTEM32\WINMMBASE.dll
0x000007fac59d0000 - 0x000007fac59d9000 	C:\Windows\system32\NSI.dll
0x000007fac1f10000 - 0x000007fac1f1f000 	C:\Program Files\Android\Android Studio\jre\jre\bin\verify.dll
0x000007faba290000 - 0x000007faba2b9000 	C:\Program Files\Android\Android Studio\jre\jre\bin\java.dll
0x000007faba270000 - 0x000007faba286000 	C:\Program Files\Android\Android Studio\jre\jre\bin\zip.dll
0x000007fac5f90000 - 0x000007fac7275000 	C:\Windows\system32\SHELL32.dll
0x000007fac5ca0000 - 0x000007fac5e50000 	C:\Windows\SYSTEM32\combase.dll
0x000007fac77b0000 - 0x000007fac7800000 	C:\Windows\system32\SHLWAPI.dll
0x000007fac3970000 - 0x000007fac3a06000 	C:\Windows\SYSTEM32\SHCORE.dll
0x000007fac4800000 - 0x000007fac4815000 	C:\Windows\SYSTEM32\profapi.dll

VM Arguments:
jvm_args: -Djava.awt.headless=true -Xmx1024M -Dfile.encoding=windows-1251 -Duser.country=RU -Duser.language=ru -Duser.variant 
java_command: com.android.dx.command.Main --dex --force-jumbo --num-threads=4 --multi-dex --output C:\AndroidStudioProjects\startandroid\TaskNumber1_7.09.2017.2\app\build\intermediates\transforms\dex\debug\folders\1000\10\classes_cd61fe78e0bf830b714ad215df0ec2a4630491a4 C:\Users\user\.android\build-cache\4deaa375a20f70bd9ef55c80f26590580ef0b050\output\jars\classes.jar
java_class_path (initial): C:\Users\user\AppData\Local\Android\sdk\build-tools\26.0.1\lib\dx.jar
Launcher Type: SUN_STANDARD

Environment Variables:
PATH=C:\ProgramData\Oracle\Java\javapath;C:\Windows\system32;C:\Windows;C:\Windows\System32\Wbem;C:\Windows\System32\WindowsPowerShell\v1.0\;C:\Program Files (x86)\Calibre2\;C:\Program Files (x86)\GtkSharp\2.12\bin
USERNAME=user
OS=Windows_NT
PROCESSOR_IDENTIFIER=Intel64 Family 6 Model 61 Stepping 4, GenuineIntel



---------------  S Y S T E M  ---------------

OS: Windows 8 , 64 bit Build 9200 (6.2.9200.16384)

CPU:total 4 (2 cores per cpu, 2 threads per core) family 6 model 61 stepping 4, cmov, cx8, fxsr, mmx, sse, sse2, sse3, ssse3, sse4.1, sse4.2, popcnt, avx, avx2, aes, clmul, erms, 3dnowpref, lzcnt, ht, tsc, tscinvbit, bmi1, bmi2, adx

Memory: 4k page, physical 8285580k(1767316k free), swap 8285580k(5320k free)

vm_info: OpenJDK 64-Bit Server VM (25.112-b06) for windows-amd64 JRE (1.8.0_112-release-b06), built on Dec  8 2016 00:54:26 by "builder" with MS VC++ 10.0 (VS2010)

time: Fri Sep 08 18:15:15 2017
elapsed time: 1 seconds (0d 0h 0m 1s)

